# JRE version: OpenJDK Runtime Environment Temurin-21.0.5+11 (21.0.5+11) (build 21.0.5+11-LTS)
# Java VM: OpenJDK 64-Bit Server VM Temurin-21.0.5+11 (21.0.5+11-LTS, mixed mode, sharing, tiered, compressed oops, compressed class ptrs, g1 gc, bsd-aarch64)
GC Precious Log:
 CardTable entry size: 512
 Card Set container configuration: InlinePtr #cards 4 size 8 Array Of Cards #cards 64 size 144 Howl #buckets 8 coarsen threshold 14745 Howl Bitmap #cards 2048 size 272 coarsen threshold 1843 Card regions per heap region 1 cards per card region 16384
 CPUs: 12 total, 12 available
 Memory: 49152M
 Large Page Support: Disabled
 NUMA Support: Disabled
 Compressed Oops: Enabled (Zero based)
 Heap Region Size: 8M
 Heap Min Capacity: 8M
 Heap Initial Capacity: 768M
 Heap Max Capacity: 12G
 Pre-touch: Disabled
 Parallel Workers: 10
 Concurrent Workers: 3
 Concurrent Refinement Workers: 10
 Periodic GC: Disabled
Heap:
 garbage-first heap   total 106496K, used 61625K [0x0000000500000000, 0x0000000800000000)
  region size 8192K, 5 young (40960K), 1 survivors (8192K)
 Metaspace       used 39322K, committed 39872K, reserved 1114112K
  class space    used 5127K, committed 5376K, reserved 1048576K
GC Heap History (20 events):
Event: 9991.233 GC heap before
{Heap before GC invocations=19 (full 0):
 garbage-first heap   total 106496K, used 77755K [0x0000000500000000, 0x0000000800000000)
  region size 8192K, 6 young (49152K), 1 survivors (8192K)
 Metaspace       used 36885K, committed 37440K, reserved 1114112K
  class space    used 4948K, committed 5248K, reserved 1048576K
}
Event: 9991.235 GC heap after
{Heap after GC invocations=20 (full 0):
 garbage-first heap   total 106496K, used 36775K [0x0000000500000000, 0x0000000800000000)
  region size 8192K, 1 young (8192K), 1 survivors (8192K)
 Metaspace       used 36885K, committed 37440K, reserved 1114112K
  class space    used 4948K, committed 5248K, reserved 1048576K
}
Event: 11030.989 GC heap before
{Heap before GC invocations=20 (full 0):
 garbage-first heap   total 106496K, used 77735K [0x0000000500000000, 0x0000000800000000)
  region size 8192K, 6 young (49152K), 1 survivors (8192K)
 Metaspace       used 36885K, committed 37440K, reserved 1114112K
  class space    used 4948K, committed 5248K, reserved 1048576K
}
Event: 11030.990 GC heap after
{Heap after GC invocations=21 (full 0):
 garbage-first heap   total 106496K, used 36791K [0x0000000500000000, 0x0000000800000000)
  region size 8192K, 1 young (8192K), 1 survivors (8192K)
 Metaspace       used 36885K, committed 37440K, reserved 1114112K
  class space    used 4948K, committed 5248K, reserved 1048576K
}
Event: 12148.318 GC heap before
{Heap before GC invocations=21 (full 0):
 garbage-first heap   total 106496K, used 77751K [0x0000000500000000, 0x0000000800000000)
  region size 8192K, 6 young (49152K), 1 survivors (8192K)
 Metaspace       used 36885K, committed 37440K, reserved 1114112K
  class space    used 4948K, committed 5248K, reserved 1048576K
}
Event: 12148.319 GC heap after
{Heap after GC invocations=22 (full 0):
 garbage-first heap   total 106496K, used 36785K [0x0000000500000000, 0x0000000800000000)
  region size 8192K, 1 young (8192K), 1 survivors (8192K)
 Metaspace       used 36885K, committed 37440K, reserved 1114112K
  class space    used 4948K, committed 5248K, reserved 1048576K
}
Event: 12972.791 GC heap before
{Heap before GC invocations=22 (full 0):
 garbage-first heap   total 106496K, used 77745K [0x0000000500000000, 0x0000000800000000)
  region size 8192K, 6 young (49152K), 1 survivors (8192K)
 Metaspace       used 36885K, committed 37440K, reserved 1114112K
  class space    used 4948K, committed 5248K, reserved 1048576K
}
Event: 12972.792 GC heap after
{Heap after GC invocations=23 (full 0):
 garbage-first heap   total 106496K, used 36967K [0x0000000500000000, 0x0000000800000000)
  region size 8192K, 1 young (8192K), 1 survivors (8192K)
 Metaspace       used 36885K, committed 37440K, reserved 1114112K
  class space    used 4948K, committed 5248K, reserved 1048576K
}
Event: 13823.629 GC heap before
{Heap before GC invocations=23 (full 0):
 garbage-first heap   total 106496K, used 77927K [0x0000000500000000, 0x0000000800000000)
  region size 8192K, 6 young (49152K), 1 survivors (8192K)
 Metaspace       used 36885K, committed 37440K, reserved 1114112K
  class space    used 4948K, committed 5248K, reserved 1048576K
}
Event: 13823.631 GC heap after
{Heap after GC invocations=24 (full 0):
 garbage-first heap   total 106496K, used 36973K [0x0000000500000000, 0x0000000800000000)
  region size 8192K, 1 young (8192K), 1 survivors (8192K)
 Metaspace       used 36885K, committed 37440K, reserved 1114112K
  class space    used 4948K, committed 5248K, reserved 1048576K
}
Event: 15142.285 GC heap before
{Heap before GC invocations=24 (full 0):
 garbage-first heap   total 106496K, used 77933K [0x0000000500000000, 0x0000000800000000)
  region size 8192K, 6 young (49152K), 1 survivors (8192K)
 Metaspace       used 36885K, committed 37440K, reserved 1114112K
  class space    used 4948K, committed 5248K, reserved 1048576K
}
Event: 15142.286 GC heap after
{Heap after GC invocations=25 (full 0):
 garbage-first heap   total 106496K, used 36978K [0x0000000500000000, 0x0000000800000000)
  region size 8192K, 1 young (8192K), 1 survivors (8192K)
 Metaspace       used 36885K, committed 37440K, reserved 1114112K
  class space    used 4948K, committed 5248K, reserved 1048576K
}
Event: 16166.405 GC heap before
{Heap before GC invocations=25 (full 0):
 garbage-first heap   total 106496K, used 77938K [0x0000000500000000, 0x0000000800000000)
  region size 8192K, 6 young (49152K), 1 survivors (8192K)
 Metaspace       used 36885K, committed 37440K, reserved 1114112K
  class space    used 4948K, committed 5248K, reserved 1048576K
}
Event: 16166.405 GC heap after
{Heap after GC invocations=26 (full 0):
 garbage-first heap   total 106496K, used 36983K [0x0000000500000000, 0x0000000800000000)
  region size 8192K, 1 young (8192K), 1 survivors (8192K)
 Metaspace       used 36885K, committed 37440K, reserved 1114112K
  class space    used 4948K, committed 5248K, reserved 1048576K
}
Event: 17296.168 GC heap before
{Heap before GC invocations=26 (full 0):
 garbage-first heap   total 106496K, used 77943K [0x0000000500000000, 0x0000000800000000)
  region size 8192K, 6 young (49152K), 1 survivors (8192K)
 Metaspace       used 36885K, committed 37440K, reserved 1114112K
  class space    used 4948K, committed 5248K, reserved 1048576K
}
Event: 17296.169 GC heap after
{Heap after GC invocations=27 (full 0):
 garbage-first heap   total 106496K, used 36983K [0x0000000500000000, 0x0000000800000000)
  region size 8192K, 1 young (8192K), 1 survivors (8192K)
 Metaspace       used 36885K, committed 37440K, reserved 1114112K
  class space    used 4948K, committed 5248K, reserved 1048576K
}
Event: 17899.142 GC heap before
{Heap before GC invocations=27 (full 0):
 garbage-first heap   total 106496K, used 77943K [0x0000000500000000, 0x0000000800000000)
  region size 8192K, 6 young (49152K), 1 survivors (8192K)
 Metaspace       used 36889K, committed 37440K, reserved 1114112K
  class space    used 4948K, committed 5248K, reserved 1048576K
}
Event: 17899.144 GC heap after
{Heap after GC invocations=28 (full 0):
 garbage-first heap   total 106496K, used 36983K [0x0000000500000000, 0x0000000800000000)
  region size 8192K, 1 young (8192K), 1 survivors (8192K)
 Metaspace       used 36889K, committed 37440K, reserved 1114112K
  class space    used 4948K, committed 5248K, reserved 1048576K
}
Event: 18446.942 GC heap before
{Heap before GC invocations=28 (full 0):
 garbage-first heap   total 106496K, used 77943K [0x0000000500000000, 0x0000000800000000)
  region size 8192K, 6 young (49152K), 1 survivors (8192K)
 Metaspace       used 37396K, committed 38016K, reserved 1114112K
  class space    used 4955K, committed 5248K, reserved 1048576K
}
Event: 18446.944 GC heap after
{Heap after GC invocations=29 (full 0):
 garbage-first heap   total 106496K, used 37049K [0x0000000500000000, 0x0000000800000000)
  region size 8192K, 1 young (8192K), 1 survivors (8192K)
 Metaspace       used 37396K, committed 38016K, reserved 1114112K
  class space    used 4955K, committed 5248K, reserved 1048576K
}

